0	1	mikroCPIC1618.exe -MSF -DBG -pP18F46K22 -UICD -DL -O11111114 -fo16 -N"C:\Users\ASUS\Desktop\MicroProje_Sefa Kocaman_174209006_1.ö\YAZILIM DOSYALARI\MÝKRO KODLARI\MyProject.mcppi" -SP"C:\Users\Public\Documents\Mikroelektronika\mikroC PRO for PIC\Defs\" -SP"C:\Users\Public\Documents\Mikroelektronika\mikroC PRO for PIC\uses\P18\" -SP"C:\Users\ASUS\Desktop\MicroProje_Sefa Kocaman_174209006_1.ö\YAZILIM DOSYALARI\MÝKRO KODLARI\" -SP"C:\Users\ASUS\Desktop\Public\Documents\Mikroelektronika\mikroC PRO for PIC\Packages\FAT32 Library\Uses\" -SP"C:\Users\Public\Documents\Mikroelektronika\mikroC PRO for PIC\Packages\FAT32 Library\Uses\" -IP"C:\Users\Public\Documents\Mikroelektronika\mikroC PRO for PIC\uses\P18\" -IP"C:\Users\ASUS\Desktop\Public\Documents\Mikroelektronika\mikroC PRO for PIC\Packages\FAT32 Library\Uses\" -IP"C:\Users\Public\Documents\Mikroelektronika\mikroC PRO for PIC\Packages\FAT32 Library\Uses\" "MyProject.c" "__Lib_Math.mcl" "__Lib_MathDouble.mcl" "__Lib_System.mcl" "__Lib_Delays.mcl" "__Lib_CType.mcl" "__Lib_CString.mcl" "__Lib_CStdlib.mcl" "__Lib_CMath.mcl" "__Lib_MemManager.mcl" "__Lib_Conversions.mcl" "__Lib_Sprintf.mcl" "__Lib_PrintOut.mcl" "__Lib_Sprinti.mcl" "__Lib_Sprintl.mcl" "__Lib_Time.mcl" "__Lib_Trigonometry.mcl" "__Lib_Button.mcl" "__Lib_Keypad4x4.mcl" "__Lib_Manchester.mcl" "__Lib_OneWire.mcl" "__Lib_PS2.mcl" "__Lib_Sound.mcl" "__Lib_SoftI2C.mcl" "__Lib_SoftSPI.mcl" "__Lib_SoftUART.mcl" "__Lib_ADC_K22_B.mcl" "__Lib_EEPROM_1024.mcl" "__Lib_FLASH_w64_e64.mcl" "__Lib_I2C_c34d01.mcl" "__Lib_PWM_c21.mcl" "__Lib_PWM_b5d1e2.mcl" "__Lib_SPI_c345d014.mcl" "__Lib_UART_c67d67.mcl" "__Lib_PortExpander.mcl" "__Lib_CANSPI.mcl" "__Lib_CF.mcl" "__Lib_CFFat16.mcl" "__Lib_GlcdFonts.mcl" "__Lib_Glcd.mcl" "__Lib_LcdConsts.mcl" "__Lib_Lcd.mcl" "__Lib_Mmc.mcl" "__Lib_MmcFat16.mcl" "__Lib_MmcFat16Constants.mcl" "__Lib_RS485.mcl" "__Lib_S1D13700.mcl" "__Lib_SPIGlcd.mcl" "__Lib_SPILcd.mcl" "__Lib_SPILcd8.mcl" "__Lib_SPIT6963C.mcl" "__Lib_EthEnc28j60.mcl" "__Lib_EthEnc24j600.mcl" "__Lib_STMPE610.mcl" "__Lib_FT5XX6_gesture_decoder.mcl" "__Lib_FT5XX6.mcl" "__Lib_TouchPanel.mcl" "__Lib_FAT32_Driver.mcl" "__Lib_FAT32_Defs.mcl" "__Lib_FAT32.mcl"	 
warning: 0	1501	Specified search path does not exist: 'C:\Users\ASUS\Desktop\Public\Documents\Mikroelektronika\mikroC PRO for PIC\Packages\FAT32 Library\Uses'	 
warning: 0	1502	Specified include path does not exist: 'C:\Users\ASUS\Desktop\Public\Documents\Mikroelektronika\mikroC PRO for PIC\Packages\FAT32 Library\Uses'	 
hint: 0	1139	Available RAM: 3875 [bytes], Available ROM: 65536 [bytes]	 
diagnostics: 0	122	Compilation Started	MyProject.c
hint: 165	1354	argument may be out of range []	ds3231.c
hint: 197	1354	argument may be out of range []	ds3231.c
hint: 199	1354	argument may be out of range []	ds3231.c
hint: 208	1354	argument may be out of range []	ds3231.c
hint: 250	1354	argument may be out of range []	ds3231.c
hint: 339	1354	argument may be out of range []	ds3231.c
hint: 297	1354	argument may be out of range []	MyProject.c
diagnostics: 392	123	Compiled Successfully	MyProject.c
hint: 266	1164	Variable 'ctrl_reg' has been eliminated by optimizer	MyProject.c
hint: 274	1164	Variable 'ctrl_reg' has been eliminated by optimizer	MyProject.c
hint: 282	1164	Variable 'stat_reg' has been eliminated by optimizer	MyProject.c
hint: 292	1164	Variable 'stat_reg' has been eliminated by optimizer	MyProject.c
hint: 300	1164	Variable 'ctrl_reg' has been eliminated by optimizer	MyProject.c
hint: 354	1164	Variable 'ctrl_reg' has been eliminated by optimizer	MyProject.c
hint: 362	1164	Variable 'ctrl_reg' has been eliminated by optimizer	MyProject.c
hint: 370	1164	Variable 'stat_reg' has been eliminated by optimizer	MyProject.c
hint: 380	1164	Variable 'stat_reg' has been eliminated by optimizer	MyProject.c
hint: 388	1164	Variable 'ctrl_reg' has been eliminated by optimizer	MyProject.c
hint: 424	1164	Variable 'ctrl_reg' has been eliminated by optimizer	MyProject.c
hint: 433	1164	Variable 'stat_reg' has been eliminated by optimizer	MyProject.c
hint: 441	1164	Variable 'stat_reg' has been eliminated by optimizer	MyProject.c
hint: 449	1164	Variable 'ctrl_reg' has been eliminated by optimizer	MyProject.c
hint: 457	1164	Variable 'ctrl_reg' has been eliminated by optimizer	MyProject.c
diagnostics: 0	127	All files Compiled in 141 ms	 
hint: 0	1144	Used RAM (bytes): 2176 (56%)  Free RAM (bytes): 1699 (44%)	Used RAM (bytes): 2176 (56%)  Free RAM (bytes): 1699 (44%)
hint: 0	1144	Used ROM (bytes): 39404 (60%)  Free ROM (bytes): 26132 (40%)	Used ROM (bytes): 39404 (60%)  Free ROM (bytes): 26132 (40%)
diagnostics: 0	125	Project Linked Successfully	MyProject.mcppi
diagnostics: 0	128	Linked in 296 ms	 
diagnostics: 0	129	Project 'MyProject.mcppi' completed: 515 ms	 
diagnostics: 0	103	Finished successfully: 07 Tem 2021, 00:17:24	MyProject.mcppi
